\BOOKMARK [0][-]{chapter.3}{\376\377\000I\000n\000t\000r\000o\000d\000u\000c\000t\000i\000o\000n}{}% 1
\BOOKMARK [1][-]{section.4}{\376\377\000U\000s\000e\000r\000\040\000f\000r\000i\000e\000n\000d\000l\000y\000\040\000D\000a\000t\000a\000\040\000a\000n\000a\000l\000y\000s\000i\000s\000:\000\040\000g\000A\000n\000\040\000W\000e\000b}{chapter.3}% 2
\BOOKMARK [0][-]{chapter.10}{\376\377\000G\000e\000n\000e\000r\000a\000l\000\040\000o\000r\000g\000a\000n\000i\000z\000a\000t\000i\000o\000n\000\040\000o\000f\000\040\000t\000h\000e\000\040\000p\000r\000o\000j\000e\000c\000t}{}% 3
\BOOKMARK [1][-]{section.11}{\376\377\000T\000h\000e\000\040\000r\000o\000l\000e\000s\000\040\000o\000f\000\040\000t\000h\000e\000\040\000d\000e\000s\000i\000g\000n\000e\000r\000\040\000a\000n\000d\000\040\000o\000f\000\040\000t\000h\000e\000\040\000u\000s\000e\000r\000s}{chapter.10}% 4
\BOOKMARK [1][-]{section.15}{\376\377\000G\000e\000n\000e\000r\000a\000l\000\040\000o\000r\000g\000a\000n\000i\000z\000a\000t\000i\000o\000n\000\040\000o\000f\000\040\000t\000h\000e\000\040\000d\000e\000s\000i\000g\000n\000\040\000p\000r\000o\000c\000e\000s\000s\000\040}{chapter.10}% 5
\BOOKMARK [1][-]{section.16}{\376\377\000T\000h\000e\000\040\000s\000t\000a\000g\000e\000s\000\040\000o\000f\000\040\000t\000h\000e\000\040\000d\000e\000s\000i\000g\000n\000\040\000p\000r\000o\000j\000e\000c\000t}{chapter.10}% 6
\BOOKMARK [1][-]{section.21}{\376\377\000T\000h\000e\000\040\000r\000o\000l\000e\000\040\000o\000f\000\040\000a\000e\000s\000t\000h\000e\000t\000i\000c\000s}{chapter.10}% 7
\BOOKMARK [1][-]{section.22}{\376\377\000A\000n\000a\000l\000y\000s\000i\000s\000\040\000w\000i\000t\000h\000\040\000i\000n\000s\000p\000e\000c\000t\000i\000o\000n\000\040\000m\000e\000t\000h\000o\000d\000s\000\040\000a\000n\000d\000\040\000T\000e\000s\000t\000s\000\040\000w\000i\000t\000h\000\040\000u\000s\000e\000r\000s}{chapter.10}% 8
\BOOKMARK [1][-]{section.25}{\376\377\000P\000r\000o\000t\000o\000t\000y\000p\000i\000n\000g\000\040\000a\000n\000d\000\040\000m\000o\000c\000k\000-\000u\000p}{chapter.10}% 9
\BOOKMARK [1][-]{section.26}{\376\377\000A\000m\000b\000i\000g\000u\000i\000t\000i\000e\000s\000\040\000a\000n\000d\000\040\000d\000o\000u\000b\000t\000s}{chapter.10}% 10
\BOOKMARK [1][-]{section.27}{\376\377\000H\000o\000w\000\040\000t\000h\000e\000\040\000v\000a\000r\000i\000o\000u\000s\000\040\000s\000t\000a\000g\000e\000s\000\040\000a\000r\000e\000\040\000p\000r\000e\000s\000e\000n\000t\000e\000d}{chapter.10}% 11
\BOOKMARK [0][-]{chapter.31}{\376\377\000F\000i\000r\000s\000t\000\040\000v\000e\000r\000s\000i\000o\000n}{}% 12
\BOOKMARK [1][-]{section.32}{\376\377\000F\000u\000n\000c\000t\000i\000o\000n\000a\000l\000\040\000r\000e\000q\000u\000i\000r\000e\000m\000e\000n\000t\000s}{chapter.31}% 13
\BOOKMARK [1][-]{section.39}{\376\377\000N\000o\000n\000-\000f\000u\000n\000c\000t\000i\000o\000n\000a\000l\000\040\000r\000e\000q\000u\000i\000r\000e\000m\000e\000n\000t\000s}{chapter.31}% 14
\BOOKMARK [1][-]{section.44}{\376\377\000S\000c\000e\000n\000a\000r\000i\000o\000\040\000b\000a\000s\000e\000d\000\040\000f\000u\000n\000c\000t\000i\000o\000n\000a\000l\000\040\000a\000n\000a\000l\000y\000s\000i\000s}{chapter.31}% 15
\BOOKMARK [1][-]{section.47}{\376\377\000P\000r\000o\000t\000o\000t\000y\000p\000i\000n\000g}{chapter.31}% 16
\BOOKMARK [1][-]{section.56}{\376\377\000H\000o\000w\000\040\000t\000h\000e\000\040\000e\000a\000r\000l\000y\000\040\000v\000e\000r\000s\000i\000o\000n\000\040\000c\000a\000n\000\040\000b\000e\000\040\000i\000m\000p\000r\000o\000v\000e\000d}{chapter.31}% 17
\BOOKMARK [0][-]{chapter.57}{\376\377\000I\000n\000t\000e\000r\000m\000e\000d\000i\000a\000t\000e\000\040\000v\000e\000r\000s\000i\000o\000n}{}% 18
\BOOKMARK [1][-]{section.58}{\376\377\000F\000u\000n\000c\000t\000i\000o\000n\000a\000l\000\040\000r\000e\000q\000u\000i\000r\000e\000m\000e\000n\000t\000s}{chapter.57}% 19
\BOOKMARK [2][-]{subsection.69}{\376\377\000A\000m\000b\000i\000g\000u\000i\000t\000i\000e\000s\000\040\000\050\000a\000n\000d\000\040\000r\000e\000l\000a\000t\000e\000d\000\040\000s\000o\000l\000u\000t\000i\000o\000n\000s\000\051}{section.58}% 20
\BOOKMARK [1][-]{section.70}{\376\377\000S\000c\000e\000n\000a\000r\000i\000o\000\040\000b\000a\000s\000e\000d\000\040\000f\000u\000n\000c\000t\000i\000o\000n\000a\000l\000\040\000a\000n\000a\000l\000y\000s\000i\000s}{chapter.57}% 21
\BOOKMARK [1][-]{section.77}{\376\377\000P\000r\000o\000t\000o\000t\000y\000p\000i\000n\000g}{chapter.57}% 22
\BOOKMARK [2][-]{subsection.78}{\376\377\000M\000o\000d\000i\000f\000i\000e\000d\000\040\000p\000a\000g\000e\000s}{section.77}% 23
\BOOKMARK [2][-]{subsection.107}{\376\377\000A\000d\000d\000e\000d\000\040\000p\000a\000g\000e\000s}{section.77}% 24
\BOOKMARK [0][-]{chapter.111}{\376\377\000F\000i\000n\000a\000l\000\040\000v\000e\000r\000s\000i\000o\000n}{}% 25
\BOOKMARK [1][-]{section.112}{\376\377\000F\000u\000n\000c\000t\000i\000o\000n\000a\000l\000\040\000r\000e\000q\000u\000i\000r\000e\000m\000e\000n\000t\000s}{chapter.111}% 26
\BOOKMARK [1][-]{section.122}{\376\377\000N\000o\000n\000-\000f\000u\000n\000c\000t\000i\000o\000n\000a\000l\000\040\000r\000e\000q\000u\000i\000r\000e\000m\000e\000n\000t\000s}{chapter.111}% 27
\BOOKMARK [1][-]{section.123}{\376\377\000S\000c\000e\000n\000a\000r\000i\000o\000\040\000b\000a\000s\000e\000d\000\040\000f\000u\000n\000c\000t\000i\000o\000n\000a\000l\000\040\000a\000n\000a\000l\000y\000s\000i\000s}{chapter.111}% 28
\BOOKMARK [1][-]{section.128}{\376\377\000P\000r\000o\000t\000o\000t\000y\000p\000i\000n\000g\000\040\000-\000\040\000I\000m\000p\000l\000e\000m\000e\000n\000t\000a\000t\000i\000o\000n}{chapter.111}% 29
\BOOKMARK [0][-]{chapter.156}{\376\377\000U\000s\000e\000r\000s\000\040\000a\000n\000d\000\040\000T\000e\000s\000t\000s\000\040\000w\000i\000t\000h\000\040\000t\000h\000e\000m}{}% 30
\BOOKMARK [1][-]{section.157}{\376\377\000U\000s\000e\000r\000'\000s\000\040\000P\000r\000o\000f\000i\000l\000e\000:\000\040\000w\000h\000y\000?}{chapter.156}% 31
\BOOKMARK [1][-]{section.158}{\376\377\000U\000s\000e\000r\000'\000s\000\040\000P\000r\000o\000f\000i\000l\000e\000:\000\040\000c\000l\000a\000s\000s\000i\000f\000i\000c\000a\000t\000i\000o\000n}{chapter.156}% 32
\BOOKMARK [2][-]{subsection.159}{\376\377\000G\000e\000n\000e\000r\000i\000c\000\040\000C\000h\000a\000r\000a\000c\000t\000e\000r\000i\000s\000t\000i\000c\000s}{section.158}% 33
\BOOKMARK [2][-]{subsection.160}{\376\377\000E\000d\000u\000c\000a\000t\000i\000o\000n\000\040\000B\000a\000c\000k\000g\000r\000o\000u\000n\000d}{section.158}% 34
\BOOKMARK [2][-]{subsection.163}{\376\377\000M\000o\000d\000e\000l\000s\000\040\000i\000n\000\040\000t\000h\000e\000\040\000u\000s\000e\000r\000'\000s\000\040\000m\000i\000n\000d}{section.158}% 35
\BOOKMARK [2][-]{subsection.164}{\376\377\000U\000s\000e\000r\000'\000s\000\040\000p\000s\000y\000c\000h\000o\000l\000o\000g\000i\000c\000a\000l\000\040\000c\000h\000a\000r\000a\000c\000t\000e\000r\000i\000s\000t\000i\000c\000s\000\040}{section.158}% 36
\BOOKMARK [2][-]{subsection.165}{\376\377\000U\000s\000e\000r\000'\000s\000\040\000l\000e\000v\000e\000l\000\040\000o\000f\000\040\000e\000x\000p\000e\000r\000t\000i\000s\000e\000\040}{section.158}% 37
\BOOKMARK [2][-]{subsection.166}{\376\377\000E\000n\000v\000i\000r\000o\000n\000m\000e\000n\000t}{section.158}% 38
\BOOKMARK [1][-]{section.167}{\376\377\000R\000e\000l\000a\000t\000i\000o\000n\000\040\000d\000e\000v\000e\000l\000o\000p\000e\000r\000-\000u\000s\000e\000r\000\040\000a\000n\000d\000\040\000p\000r\000o\000g\000r\000e\000s\000s\000i\000v\000e\000\040\000s\000e\000m\000a\000t\000i\000z\000a\000t\000i\000o\000n}{chapter.156}% 39
\BOOKMARK [1][-]{section.168}{\376\377\000H\000o\000w\000\040\000t\000h\000e\000\040\000t\000e\000s\000t\000s\000\040\000t\000a\000k\000e\000\040\000p\000l\000a\000c\000e}{chapter.156}% 40
\BOOKMARK [2][-]{subsection.172}{\376\377\000P\000r\000e\000l\000i\000m\000i\000n\000a\000r\000y\000\040\000o\000b\000s\000e\000r\000v\000a\000t\000i\000o\000n\000s}{section.168}% 41
\BOOKMARK [2][-]{subsection.173}{\376\377\000W\000h\000a\000t\000\040\000t\000h\000e\000\040\000t\000e\000s\000t\000\040\000i\000s\000\040\000e\000v\000a\000l\000u\000a\000t\000i\000n\000g\000?}{section.168}% 42
\BOOKMARK [2][-]{subsection.174}{\376\377\000E\000x\000e\000c\000u\000t\000i\000o\000n\000\040\000a\000n\000d\000\040\000R\000e\000s\000u\000l\000t\000s}{section.168}% 43
\BOOKMARK [2][-]{subsection.186}{\376\377\000I\000s\000\040\000t\000h\000e\000\040\000t\000e\000s\000t\000i\000n\000g\000\040\000f\000i\000n\000i\000s\000h\000e\000d\000\040\000h\000e\000r\000e\000?}{section.168}% 44
\BOOKMARK [0][-]{chapter.187}{\376\377\000D\000e\000s\000i\000g\000n\000\040\000a\000n\000d\000\040\000P\000a\000t\000t\000e\000r\000n\000s}{}% 45
\BOOKMARK [1][-]{section.188}{\376\377\000U\000s\000e\000d\000\040\000p\000a\000t\000t\000e\000r\000n\000s}{chapter.187}% 46
\BOOKMARK [2][-]{subsection.189}{\376\377\000C\000l\000e\000a\000r\000\040\000e\000n\000t\000r\000y\000\040\000p\000o\000i\000n\000t}{section.188}% 47
\BOOKMARK [2][-]{subsection.190}{\376\377\000W\000i\000z\000a\000r\000d}{section.188}% 48
\BOOKMARK [2][-]{subsection.191}{\376\377\000S\000p\000a\000t\000i\000a\000l\000\040\000m\000e\000m\000o\000r\000y}{section.188}% 49
\BOOKMARK [2][-]{subsection.192}{\376\377\000G\000r\000i\000d\000\040\000o\000f\000\040\000e\000q\000u\000a\000l\000s}{section.188}% 50
\BOOKMARK [2][-]{subsection.193}{\376\377\000R\000e\000s\000p\000o\000n\000s\000i\000v\000e\000\040\000e\000n\000a\000b\000l\000i\000n\000g}{section.188}% 51
\BOOKMARK [2][-]{subsection.194}{\376\377\000P\000r\000o\000g\000r\000e\000s\000s\000\040\000i\000n\000d\000i\000c\000a\000t\000o\000r}{section.188}% 52
\BOOKMARK [2][-]{subsection.195}{\376\377\000G\000o\000\040\000B\000a\000c\000k\000\040\000t\000o\000\040\000a\000\040\000S\000a\000f\000e\000\040\000P\000l\000a\000c\000e}{section.188}% 53
\BOOKMARK [2][-]{subsection.196}{\376\377\000L\000i\000q\000u\000i\000d\000\040\000l\000a\000y\000o\000u\000t}{section.188}% 54
\BOOKMARK [2][-]{subsection.197}{\376\377\000H\000o\000v\000e\000r\000\040\000t\000o\000o\000l\000s}{section.188}% 55
\BOOKMARK [2][-]{subsection.198}{\376\377\000H\000a\000r\000m\000l\000e\000s\000s\000\040\000d\000e\000f\000a\000u\000l\000t}{section.188}% 56
\BOOKMARK [2][-]{subsection.201}{\376\377\000S\000a\000m\000e\000-\000p\000a\000g\000e\000\040\000e\000r\000r\000o\000r\000\040\000m\000e\000s\000s\000a\000g\000e\000s}{section.188}% 57
\BOOKMARK [2][-]{subsection.202}{\376\377\000A\000l\000t\000e\000r\000n\000a\000t\000i\000v\000e\000\040\000v\000i\000e\000w\000s}{section.188}% 58
\BOOKMARK [0][-]{chapter.203}{\376\377\000I\000m\000p\000l\000e\000m\000e\000n\000t\000a\000t\000i\000o\000n}{}% 59
\BOOKMARK [1][-]{section.204}{\376\377\000I\000n\000t\000r\000o\000d\000u\000c\000t\000i\000o\000n}{chapter.203}% 60
\BOOKMARK [1][-]{section.205}{\376\377\000T\000h\000e\000\040\000u\000s\000e\000\040\000o\000f\000\040\000B\000o\000o\000t\000s\000t\000r\000a\000p}{chapter.203}% 61
\BOOKMARK [1][-]{section.225}{\376\377\000T\000h\000e\000\040\000u\000s\000e\000\040\000o\000f\000\040\000n\000o\000n\000-\000B\000o\000o\000t\000s\000t\000r\000a\000p\000\040\000c\000o\000m\000p\000o\000n\000e\000n\000t\000s}{chapter.203}% 62
\BOOKMARK [0][-]{chapter.227}{\376\377\000C\000o\000n\000c\000l\000u\000s\000i\000o\000n\000s}{}% 63
\BOOKMARK [1][-]{section.228}{\376\377\000C\000o\000n\000c\000l\000u\000s\000i\000o\000n\000s}{chapter.227}% 64
